2023-08-07 16:27:11,487 | INFO : SNMP-MONITOR : run() - Thread operation started.



2023-08-07 16:27:11,487 | ################################################## Iteration number #1 started ##################################################
2023-08-07 16:27:11,737 | ITEM: .1.3.6.1.2.1.1.3.0 query result:  0:4:07:03.00
2023-08-07 16:27:11,988 | ITEM: .1.3.6.1.4.1.248.11.22.1.8.10.1.0 query result:  26 percent
2023-08-07 16:27:12,239 | ITEM: sysUpTime.0 query result:  0:4:07:04.00
2023-08-07 16:27:12,486 | ITEM: hm2SfpInfoPartId.1 query result:  No Such Instance currently exists at this OID
2023-08-07 16:27:12,738 | ITEM: .1.3.6.1.4.1.248.11.22.1.8.11.2.0 query result:  1849536 kBytes
2023-08-07 16:27:12,738 | #################################################################################################################################



2023-08-07 16:27:14,738 | ################################################## Iteration number #2 started ##################################################
2023-08-07 16:27:15,003 | ITEM: .1.3.6.1.2.1.1.3.0 query result:  0:4:07:06.00
2023-08-07 16:27:15,253 | ITEM: .1.3.6.1.4.1.248.11.22.1.8.10.1.0 query result:  25 percent
2023-08-07 16:27:15,501 | ITEM: sysUpTime.0 query result:  0:4:07:07.00
2023-08-07 16:27:15,751 | ITEM: hm2SfpInfoPartId.1 query result:  No Such Instance currently exists at this OID
2023-08-07 16:27:16,003 | ITEM: .1.3.6.1.4.1.248.11.22.1.8.11.2.0 query result:  1849536 kBytes
2023-08-07 16:27:16,003 | #################################################################################################################################



2023-08-07 16:27:18,003 | ################################################## Iteration number #3 started ##################################################
2023-08-07 16:27:18,263 | ITEM: .1.3.6.1.2.1.1.3.0 query result:  0:4:07:10.00
2023-08-07 16:27:18,511 | ITEM: .1.3.6.1.4.1.248.11.22.1.8.10.1.0 query result:  25 percent
2023-08-07 16:27:18,759 | ITEM: sysUpTime.0 query result:  0:4:07:10.00
2023-08-07 16:27:19,010 | ITEM: hm2SfpInfoPartId.1 query result:  No Such Instance currently exists at this OID
2023-08-07 16:27:19,258 | ITEM: .1.3.6.1.4.1.248.11.22.1.8.11.2.0 query result:  1849536 kBytes
2023-08-07 16:27:19,258 | #################################################################################################################################



2023-08-07 16:27:21,258 | ################################################## Iteration number #4 started ##################################################
2023-08-07 16:27:21,516 | ITEM: .1.3.6.1.2.1.1.3.0 query result:  0:4:07:13.00
2023-08-07 16:27:21,774 | ITEM: .1.3.6.1.4.1.248.11.22.1.8.10.1.0 query result:  29 percent
2023-08-07 16:27:22,023 | ITEM: sysUpTime.0 query result:  0:4:07:13.00
2023-08-07 16:27:22,274 | ITEM: hm2SfpInfoPartId.1 query result:  No Such Instance currently exists at this OID
2023-08-07 16:27:22,522 | ITEM: .1.3.6.1.4.1.248.11.22.1.8.11.2.0 query result:  1849536 kBytes
2023-08-07 16:27:22,522 | #################################################################################################################################



2023-08-07 16:27:24,522 | INFO : SNMP-MONITOR : run() - Thread finished execution. Time limit reached.

INFO : SNMP_MONITOR : parse_logfile() - Checking the items to parse.
INFO : SNMP_MONITOR : parse_logfile() - Started parsing the logfile.
INFO : SNMP_MONITOR : parse_logfile() - Finished parsing the logfile

INFO : SNMP_MONITOR : generate_statistics() - Started generating statistics.
Stats for item .1.3.6.1.4.1.248.11.22.1.8.11.2.0 are:
 Minimum: 1849536 (value first recorded at 2023-08-07 16:27:12)
 Maximum: 1849536 (value first recorded at 2023-08-07 16:27:12)
 Average: 1849536
 Median: 1849536.0
 Most common values: [1849536]
 Number of values used for the calculations: 4

Stats for item .1.3.6.1.4.1.248.11.22.1.8.10.1.0 are:
 Minimum: 25 (value first recorded at 2023-08-07 16:27:15)
 Maximum: 29 (value first recorded at 2023-08-07 16:27:21)
 Average: 26.25
 Median: 25.5
 Most common values: [25]
 Number of values used for the calculations: 4

Stats for item .1.3.6.1.2.1.1.3.0 are:
 Minimum: 0 (value first recorded at 2023-08-07 16:27:11)
 Maximum: 0 (value first recorded at 2023-08-07 16:27:11)
 Average: 0
 Median: 0.0
 Most common values: [0]
 Number of values used for the calculations: 4

Stats for item sysUpTime.0 are:
 Minimum: 0 (value first recorded at 2023-08-07 16:27:12)
 Maximum: 0 (value first recorded at 2023-08-07 16:27:12)
 Average: 0
 Median: 0.0
 Most common values: [0]
 Number of values used for the calculations: 4

INFO : SNMP_MONITOR : generate_statistics() - Finished generating statistics for the items provided.

INFO : SNMP_MONITOR : parse_logfile() - Checking the items to parse.
ERROR : SNMP_MONITOR : parse_logfile() - Nothing to parse. The values of the supplied items have already been parsed.

INFO : SNMP_MONITOR : crash_detector() - Started operation.
WARNING : SNMP_MONITOR : crash_detector() - Error at value retrieval in iteration 1
WARNING : SNMP_MONITOR : crash_detector() - Error at value retrieval in iteration 2
WARNING : SNMP_MONITOR : crash_detector() - Error at value retrieval in iteration 3
WARNING : SNMP_MONITOR : crash_detector() - Error at value retrieval in iteration 4
INFO : SNMP_MONITOR : crash_detector() - Operation finished.